# JRE version: Java(TM) SE Runtime Environment (7.0_51-b13) (build 1.7.0_51-b13)
# Java VM: Java HotSpot(TM) 64-Bit Server VM (24.51-b03 mixed mode bsd-amd64 compressed oops)
Heap
 PSYoungGen      total 117248K, used 28479K [0x00000007d5500000, 0x00000007e6100000, 0x0000000800000000)
  eden space 115712K, 23% used [0x00000007d5500000,0x00000007d6fb7f78,0x00000007dc600000)
  from space 1536K, 72% used [0x00000007e4c80000,0x00000007e4d98000,0x00000007e4e00000)
  to   space 12288K, 0% used [0x00000007e5500000,0x00000007e5500000,0x00000007e6100000)
 ParOldGen       total 87040K, used 26296K [0x0000000780000000, 0x0000000785500000, 0x00000007d5500000)
  object space 87040K, 30% used [0x0000000780000000,0x00000007819ae2f8,0x0000000785500000)
 PSPermGen       total 21504K, used 10924K [0x000000077ae00000, 0x000000077c300000, 0x0000000780000000)
  object space 21504K, 50% used [0x000000077ae00000,0x000000077b8ab0d0,0x000000077c300000)
GC Heap History (10 events):
Event: 59.930 GC heap before
{Heap before GC invocations=7 (full 0):
 PSYoungGen      total 146432K, used 142304K [0x00000007d5500000, 0x00000007def00000, 0x0000000800000000)
  eden space 135168K, 100% used [0x00000007d5500000,0x00000007dd900000,0x00000007dd900000)
  from space 11264K, 63% used [0x00000007de400000,0x00000007deaf8040,0x00000007def00000)
  to   space 11264K, 0% used [0x00000007dd900000,0x00000007dd900000,0x00000007de400000)
 ParOldGen       total 87040K, used 8748K [0x0000000780000000, 0x0000000785500000, 0x00000007d5500000)
  object space 87040K, 10% used [0x0000000780000000,0x000000078088b0b0,0x0000000785500000)
 PSPermGen       total 21504K, used 10916K [0x000000077ae00000, 0x000000077c300000, 0x0000000780000000)
  object space 21504K, 50% used [0x000000077ae00000,0x000000077b8a9378,0x000000077c300000)
Event: 59.939 GC heap after
Heap after GC invocations=7 (full 0):
 PSYoungGen      total 146432K, used 8992K [0x00000007d5500000, 0x00000007e7400000, 0x0000000800000000)
  eden space 135168K, 0% used [0x00000007d5500000,0x00000007d5500000,0x00000007dd900000)
  from space 11264K, 79% used [0x00000007dd900000,0x00000007de1c8020,0x00000007de400000)
  to   space 11776K, 0% used [0x00000007e6880000,0x00000007e6880000,0x00000007e7400000)
 ParOldGen       total 87040K, used 10260K [0x0000000780000000, 0x0000000785500000, 0x00000007d5500000)
  object space 87040K, 11% used [0x0000000780000000,0x0000000780a05100,0x0000000785500000)
 PSPermGen       total 21504K, used 10916K [0x000000077ae00000, 0x000000077c300000, 0x0000000780000000)
  object space 21504K, 50% used [0x000000077ae00000,0x000000077b8a9378,0x000000077c300000)
}
Event: 64.485 GC heap before
{Heap before GC invocations=8 (full 0):
 PSYoungGen      total 146432K, used 144160K [0x00000007d5500000, 0x00000007e7400000, 0x0000000800000000)
  eden space 135168K, 100% used [0x00000007d5500000,0x00000007dd900000,0x00000007dd900000)
  from space 11264K, 79% used [0x00000007dd900000,0x00000007de1c8020,0x00000007de400000)
  to   space 11776K, 0% used [0x00000007e6880000,0x00000007e6880000,0x00000007e7400000)
 ParOldGen       total 87040K, used 10260K [0x0000000780000000, 0x0000000785500000, 0x00000007d5500000)
  object space 87040K, 11% used [0x0000000780000000,0x0000000780a05100,0x0000000785500000)
 PSPermGen       total 21504K, used 10918K [0x000000077ae00000, 0x000000077c300000, 0x0000000780000000)
  object space 21504K, 50% used [0x000000077ae00000,0x000000077b8a9a80,0x000000077c300000)
Event: 64.492 GC heap after
Heap after GC invocations=8 (full 0):
 PSYoungGen      total 139264K, used 8752K [0x00000007d5500000, 0x00000007e7180000, 0x0000000800000000)
  eden space 130048K, 0% used [0x00000007d5500000,0x00000007d5500000,0x00000007dd400000)
  from space 9216K, 94% used [0x00000007e6880000,0x00000007e710c120,0x00000007e7180000)
  to   space 12288K, 0% used [0x00000007e5980000,0x00000007e5980000,0x00000007e6580000)
 ParOldGen       total 87040K, used 14572K [0x0000000780000000, 0x0000000785500000, 0x00000007d5500000)
  object space 87040K, 16% used [0x0000000780000000,0x0000000780e3b140,0x0000000785500000)
 PSPermGen       total 21504K, used 10918K [0x000000077ae00000, 0x000000077c300000, 0x0000000780000000)
  object space 21504K, 50% used [0x000000077ae00000,0x000000077b8a9a80,0x000000077c300000)
}
Event: 68.330 GC heap before
{Heap before GC invocations=9 (full 0):
 PSYoungGen      total 139264K, used 138800K [0x00000007d5500000, 0x00000007e7180000, 0x0000000800000000)
  eden space 130048K, 100% used [0x00000007d5500000,0x00000007dd400000,0x00000007dd400000)
  from space 9216K, 94% used [0x00000007e6880000,0x00000007e710c120,0x00000007e7180000)
  to   space 12288K, 0% used [0x00000007e5980000,0x00000007e5980000,0x00000007e6580000)
 ParOldGen       total 87040K, used 14572K [0x0000000780000000, 0x0000000785500000, 0x00000007d5500000)
  object space 87040K, 16% used [0x0000000780000000,0x0000000780e3b140,0x0000000785500000)
 PSPermGen       total 21504K, used 10918K [0x000000077ae00000, 0x000000077c300000, 0x0000000780000000)
  object space 21504K, 50% used [0x000000077ae00000,0x000000077b8a9a80,0x000000077c300000)
Event: 68.337 GC heap after
Heap after GC invocations=9 (full 0):
 PSYoungGen      total 132096K, used 7024K [0x00000007d5500000, 0x00000007e6900000, 0x0000000800000000)
  eden space 124928K, 0% used [0x00000007d5500000,0x00000007d5500000,0x00000007dcf00000)
  from space 7168K, 97% used [0x00000007e5980000,0x00000007e605c120,0x00000007e6080000)
  to   space 8704K, 0% used [0x00000007e6080000,0x00000007e6080000,0x00000007e6900000)
 ParOldGen       total 87040K, used 17888K [0x0000000780000000, 0x0000000785500000, 0x00000007d5500000)
  object space 87040K, 20% used [0x0000000780000000,0x0000000781178150,0x0000000785500000)
 PSPermGen       total 21504K, used 10918K [0x000000077ae00000, 0x000000077c300000, 0x0000000780000000)
  object space 21504K, 50% used [0x000000077ae00000,0x000000077b8a9a80,0x000000077c300000)
}
Event: 71.825 GC heap before
{Heap before GC invocations=10 (full 0):
 PSYoungGen      total 132096K, used 131952K [0x00000007d5500000, 0x00000007e6900000, 0x0000000800000000)
  eden space 124928K, 100% used [0x00000007d5500000,0x00000007dcf00000,0x00000007dcf00000)
  from space 7168K, 97% used [0x00000007e5980000,0x00000007e605c120,0x00000007e6080000)
  to   space 8704K, 0% used [0x00000007e6080000,0x00000007e6080000,0x00000007e6900000)
 ParOldGen       total 87040K, used 17888K [0x0000000780000000, 0x0000000785500000, 0x00000007d5500000)
  object space 87040K, 20% used [0x0000000780000000,0x0000000781178150,0x0000000785500000)
 PSPermGen       total 21504K, used 10918K [0x000000077ae00000, 0x000000077c300000, 0x0000000780000000)
  object space 21504K, 50% used [0x000000077ae00000,0x000000077b8a9a80,0x000000077c300000)
Event: 71.834 GC heap after
Heap after GC invocations=10 (full 0):
 PSYoungGen      total 123392K, used 2848K [0x00000007d5500000, 0x00000007e6380000, 0x0000000800000000)
  eden space 120320K, 0% used [0x00000007d5500000,0x00000007d5500000,0x00000007dca80000)
  from space 3072K, 92% used [0x00000007e6080000,0x00000007e6348000,0x00000007e6380000)
  to   space 11776K, 0% used [0x00000007e4c80000,0x00000007e4c80000,0x00000007e5800000)
 ParOldGen       total 87040K, used 23448K [0x0000000780000000, 0x0000000785500000, 0x00000007d5500000)
  object space 87040K, 26% used [0x0000000780000000,0x00000007816e6150,0x0000000785500000)
 PSPermGen       total 21504K, used 10918K [0x000000077ae00000, 0x000000077c300000, 0x0000000780000000)
  object space 21504K, 50% used [0x000000077ae00000,0x000000077b8a9a80,0x000000077c300000)
}
Event: 75.056 GC heap before
{Heap before GC invocations=11 (full 0):
 PSYoungGen      total 123392K, used 123168K [0x00000007d5500000, 0x00000007e6380000, 0x0000000800000000)
  eden space 120320K, 100% used [0x00000007d5500000,0x00000007dca80000,0x00000007dca80000)
  from space 3072K, 92% used [0x00000007e6080000,0x00000007e6348000,0x00000007e6380000)
  to   space 11776K, 0% used [0x00000007e4c80000,0x00000007e4c80000,0x00000007e5800000)
 ParOldGen       total 87040K, used 23448K [0x0000000780000000, 0x0000000785500000, 0x00000007d5500000)
  object space 87040K, 26% used [0x0000000780000000,0x00000007816e6150,0x0000000785500000)
 PSPermGen       total 21504K, used 10918K [0x000000077ae00000, 0x000000077c300000, 0x0000000780000000)
  object space 21504K, 50% used [0x000000077ae00000,0x000000077b8a9b80,0x000000077c300000)
Event: 75.062 GC heap after
Heap after GC invocations=11 (full 0):
 PSYoungGen      total 117248K, used 1120K [0x00000007d5500000, 0x00000007e6100000, 0x0000000800000000)
  eden space 115712K, 0% used [0x00000007d5500000,0x00000007d5500000,0x00000007dc600000)
  from space 1536K, 72% used [0x00000007e4c80000,0x00000007e4d98000,0x00000007e4e00000)
  to   space 12288K, 0% used [0x00000007e5500000,0x00000007e5500000,0x00000007e6100000)
 ParOldGen       total 87040K, used 26296K [0x0000000780000000, 0x0000000785500000, 0x00000007d5500000)
  object space 87040K, 30% used [0x0000000780000000,0x00000007819ae2f8,0x0000000785500000)
 PSPermGen       total 21504K, used 10918K [0x000000077ae00000, 0x000000077c300000, 0x0000000780000000)
  object space 21504K, 50% used [0x000000077ae00000,0x000000077b8a9b80,0x000000077c300000)
}

